<?xml version="1.0" encoding="UTF-8"?>
<!-- Generated by org.testng.reporters.JUnitXMLReporter -->
<testsuite hostname="DESKTOP-8OBLECF" ignored="1" name="Test" tests="6" failures="1" timestamp="10 Jan 2020 18:31:57 GMT" time="24.404" errors="0">
  <testcase name="@AfterMethod tearDownReport" time="0.002" classname="orangeHRM.pages.BaseClass">
    <failure type="java.lang.NullPointerException">
      <![CDATA[java.lang.NullPointerException
at orangeHRM.pages.BaseClass.tearDownReport(BaseClass.java:56)
... Removed 28 stack frames]]>
    </failure>
  </testcase> <!-- @AfterMethod tearDownReport -->
  <testcase name="@AfterClass tearDown" time="0.0" classname="orangeHRM.pages.BaseClass">
    <skipped/>
  </testcase> <!-- @AfterClass tearDown -->
  <testcase name="verifyPage" time="0.154" classname="orangeHRM.testcases.LoginScenarios2"/>
  <testcase name="verifyPage" time="0.003" classname="orangeHRM.testcases.LoginScenarios">
    <failure type="java.lang.NullPointerException">
      <![CDATA[java.lang.NullPointerException
at orangeHRM.testcases.LoginScenarios.verifyPage(LoginScenarios.java:25)
... Removed 25 stack frames]]>
    </failure>
  </testcase> <!-- verifyPage -->
  <testcase name="loginToApplication" time="5.146" classname="orangeHRM.testcases.LoginScenarios2"/>
  <testcase name="loginToApplication" time="0.0" classname="orangeHRM.testcases.LoginScenarios">
    <skipped/>
  </testcase> <!-- loginToApplication -->
  <testcase name="logoutFromApplication" time="1.627" classname="orangeHRM.testcases.LoginScenarios2"/>
  <testcase name="logoutFromApplication" time="0.0" classname="orangeHRM.testcases.LoginScenarios">
    <skipped/>
  </testcase> <!-- logoutFromApplication -->
  <testcase name="@BeforeSuite setupReport" time="0.0" classname="orangeHRM.pages.BaseClass">
    <ignored/>
  </testcase> <!-- @BeforeSuite setupReport -->
</testsuite> <!-- Test -->
