<?xml version="1.0" encoding="UTF-8"?>
<!-- Generated by org.testng.reporters.JUnitXMLReporter -->
<testsuite hostname="Sarikas-MacBook-Pro.local" name="Default test" tests="2" failures="0" timestamp="31 May 2020 05:05:56 GMT" time="37.699" errors="0">
  <testcase name="verifyPage" time="0.069" classname="walshIntegrated.testcases.CreateDepartmentScenarios1"/>
  <testcase name="TC_01_Department_Create" time="19.532" classname="walshIntegrated.testcases.CreateDepartmentScenarios1"/>
</testsuite> <!-- Default test -->
